<?xml version="1.0" encoding="UTF-8"?>
<testng-results ignored="0" total="2" passed="2" failed="0" skipped="0">
  <reporter-output>
  </reporter-output>
  <suite started-at="2024-06-22T10:02:41Z" name="Default suite" finished-at="2024-06-22T10:03:15Z" duration-ms="33641">
    <groups>
    </groups>
    <test started-at="2024-06-22T10:02:41Z" name="Default test" finished-at="2024-06-22T10:03:15Z" duration-ms="33641">
      <class name="seleniumPractice.Carting.submitOrderTest">
        <test-method is-config="true" signature="launchApplication()[pri:0, instance:seleniumPractice.Carting.submitOrderTest@34c01041]" started-at="2024-06-22T10:02:41Z" name="launchApplication" finished-at="2024-06-22T10:02:45Z" duration-ms="3189" status="PASS">
          <reporter-output>
          </reporter-output>
        </test-method> <!-- launchApplication -->
        <test-method signature="submitOrder(java.util.HashMap)[pri:0, instance:seleniumPractice.Carting.submitOrderTest@34c01041]" started-at="2024-06-22T10:02:45Z" name="submitOrder" data-provider="getData" finished-at="2024-06-22T10:02:59Z" duration-ms="14389" status="PASS">
          <params>
            <param index="0">
              <value>
                <![CDATA[{password=Iamking@000, product=ZARA COAT 3, email=shamily7639@gmail.com}]]>
              </value>
            </param>
          </params>
          <reporter-output>
          </reporter-output>
        </test-method> <!-- submitOrder -->
        <test-method is-config="true" signature="close()[pri:0, instance:seleniumPractice.Carting.submitOrderTest@34c01041]" started-at="2024-06-22T10:02:59Z" name="close" finished-at="2024-06-22T10:02:59Z" duration-ms="94" status="PASS">
          <reporter-output>
          </reporter-output>
        </test-method> <!-- close -->
        <test-method is-config="true" signature="launchApplication()[pri:0, instance:seleniumPractice.Carting.submitOrderTest@34c01041]" started-at="2024-06-22T10:02:59Z" name="launchApplication" finished-at="2024-06-22T10:03:00Z" duration-ms="1270" status="PASS">
          <reporter-output>
          </reporter-output>
        </test-method> <!-- launchApplication -->
        <test-method signature="submitOrder(java.util.HashMap)[pri:0, instance:seleniumPractice.Carting.submitOrderTest@34c01041]" started-at="2024-06-22T10:03:00Z" name="submitOrder" data-provider="getData" finished-at="2024-06-22T10:03:15Z" duration-ms="14307" status="PASS">
          <params>
            <param index="0">
              <value>
                <![CDATA[{password=Iamking@000, product=ZARA COAT 3, email=shetty@gmail.com}]]>
              </value>
            </param>
          </params>
          <reporter-output>
          </reporter-output>
        </test-method> <!-- submitOrder -->
        <test-method is-config="true" signature="close()[pri:0, instance:seleniumPractice.Carting.submitOrderTest@34c01041]" started-at="2024-06-22T10:03:15Z" name="close" finished-at="2024-06-22T10:03:15Z" duration-ms="85" status="PASS">
          <reporter-output>
          </reporter-output>
        </test-method> <!-- close -->
      </class> <!-- seleniumPractice.Carting.submitOrderTest -->
    </test> <!-- Default test -->
  </suite> <!-- Default suite -->
</testng-results>
